Performing C SOURCE FILE Test CMAKE_HAVE_LIBC_PTHREAD failed with the following output:
Change Dir: /home/shikugawa/dev/shikugawa-mvfst/cmake-build-debug/CMakeFiles/CMakeTmp

Run Build Command(s):/usr/bin/make cmTC_e006d/fast && /usr/bin/make  -f CMakeFiles/cmTC_e006d.dir/build.make CMakeFiles/cmTC_e006d.dir/build
make[1]: Entering directory '/home/shikugawa/dev/shikugawa-mvfst/cmake-build-debug/CMakeFiles/CMakeTmp'
Building C object CMakeFiles/cmTC_e006d.dir/src.c.o
/opt/llvm/bin/clang   -DCMAKE_HAVE_LIBC_PTHREAD   -o CMakeFiles/cmTC_e006d.dir/src.c.o   -c /home/shikugawa/dev/shikugawa-mvfst/cmake-build-debug/CMakeFiles/CMakeTmp/src.c
Linking C executable cmTC_e006d
/usr/local/bin/cmake -E cmake_link_script CMakeFiles/cmTC_e006d.dir/link.txt --verbose=1
/opt/llvm/bin/clang  -DCMAKE_HAVE_LIBC_PTHREAD    CMakeFiles/cmTC_e006d.dir/src.c.o  -o cmTC_e006d 
CMakeFiles/cmTC_e006d.dir/src.c.o: In function `main':
src.c:(.text+0x35): undefined reference to `pthread_create'
src.c:(.text+0x41): undefined reference to `pthread_detach'
src.c:(.text+0x4d): undefined reference to `pthread_cancel'
src.c:(.text+0x5f): undefined reference to `pthread_join'
src.c:(.text+0x76): undefined reference to `pthread_atfork'
clang-10: error: linker command failed with exit code 1 (use -v to see invocation)
CMakeFiles/cmTC_e006d.dir/build.make:106: recipe for target 'cmTC_e006d' failed
make[1]: *** [cmTC_e006d] Error 1
make[1]: Leaving directory '/home/shikugawa/dev/shikugawa-mvfst/cmake-build-debug/CMakeFiles/CMakeTmp'
Makefile:141: recipe for target 'cmTC_e006d/fast' failed
make: *** [cmTC_e006d/fast] Error 2


Source file was:
#include <pthread.h>

void* test_func(void* data)
{
  return data;
}

int main(void)
{
  pthread_t thread;
  pthread_create(&thread, NULL, test_func, NULL);
  pthread_detach(thread);
  pthread_cancel(thread);
  pthread_join(thread, NULL);
  pthread_atfork(NULL, NULL, NULL);
  pthread_exit(NULL);

  return 0;
}

Determining if the function pthread_create exists in the pthreads failed with the following output:
Change Dir: /home/shikugawa/dev/shikugawa-mvfst/cmake-build-debug/CMakeFiles/CMakeTmp

Run Build Command(s):/usr/bin/make cmTC_c6c5d/fast && /usr/bin/make  -f CMakeFiles/cmTC_c6c5d.dir/build.make CMakeFiles/cmTC_c6c5d.dir/build
make[1]: Entering directory '/home/shikugawa/dev/shikugawa-mvfst/cmake-build-debug/CMakeFiles/CMakeTmp'
Building C object CMakeFiles/cmTC_c6c5d.dir/CheckFunctionExists.c.o
/opt/llvm/bin/clang   -DCHECK_FUNCTION_EXISTS=pthread_create   -o CMakeFiles/cmTC_c6c5d.dir/CheckFunctionExists.c.o   -c /usr/local/share/cmake-3.17/Modules/CheckFunctionExists.c
Linking C executable cmTC_c6c5d
/usr/local/bin/cmake -E cmake_link_script CMakeFiles/cmTC_c6c5d.dir/link.txt --verbose=1
/opt/llvm/bin/clang  -DCHECK_FUNCTION_EXISTS=pthread_create    CMakeFiles/cmTC_c6c5d.dir/CheckFunctionExists.c.o  -o cmTC_c6c5d  -lpthreads 
/usr/bin/ld: cannot find -lpthreads
clang-10: error: linker command failed with exit code 1 (use -v to see invocation)
CMakeFiles/cmTC_c6c5d.dir/build.make:106: recipe for target 'cmTC_c6c5d' failed
make[1]: *** [cmTC_c6c5d] Error 1
make[1]: Leaving directory '/home/shikugawa/dev/shikugawa-mvfst/cmake-build-debug/CMakeFiles/CMakeTmp'
Makefile:141: recipe for target 'cmTC_c6c5d/fast' failed
make: *** [cmTC_c6c5d/fast] Error 2



